{"name":"Admin","id":"ID_1685203312927","time":"23:01:52","message":"hello"}
{"name":"Admin","id":"ID_1685203319790","time":"23:01:59","message":"ok"}
{"name":"Admin","id":"ID_1685203320544","time":"23:02:00","message":"123"}
{"name":"Admin","id":"ID_1685203322094","time":"23:02:02","message":"1hahahdasdad"}
{"name":"Admin","id":"ID_1685203322608","time":"23:02:02","message":""}
{"name":"Admin","id":"ID_1685203323132","time":"23:02:02","message":"dsa"}
{"name":"Admin","id":"ID_1685203323645","time":"23:02:02","message":"d"}
{"name":"Admin","id":"ID_1685203324154","time":"23:02:02","message":"sa"}
{"name":"Admin","id":"ID_1685203324662","time":"23:02:02","message":"d"}
{"name":"Admin","id":"ID_1685203325178","time":"23:02:03","message":"sa"}
{"name":"Admin","id":"ID_1685203325686","time":"23:02:03","message":"dรก"}
{"name":"Admin","id":"ID_1685203326196","time":"23:02:03","message":"d"}
{"name":"Admin","id":"ID_1685203326709","time":"23:02:03","message":"รก"}
{"name":"Duck","id":"ID_1685203349191","time":"23:02:29","message":"hello"}
{"name":"Duck","id":"ID_1685203350007","time":"23:02:30","message":"123"}
{"name":"Duck","id":"ID_1685203351496","time":"23:02:31","message":"xin chao"}
{"name":"Duck","id":"ID_1685203356845","time":"23:02:36","message":""}
{"name":"Admin","id":"ID_1685203357852","time":"23:02:37","message":""}
{"name":"Duck","id":"ID_1685203358861","time":"23:02:38","message":""}
{"name":"Admin","id":"ID_1685203359621","time":"23:02:39","message":""}
{"name":"Admin","id":"ID_1685203361655","time":"23:02:41","message":"ngon"}
{"name":"Duck","id":"ID_1685203365395","time":"23:02:45","message":"ngon"}
